2025-03-01 18:28:36.660 IST [5220] FATAL:  lock file "postmaster.pid" already exists
2025-03-01 18:28:36.660 IST [5220] HINT:  Is another postmaster (PID 3700) running in data directory "M:/WorkSpace/Web SPAs [sourabratabose.dev]/app/server/data"?
2025-03-01 18:29:22.017 IST [9160] LOG:  starting PostgreSQL 16.3, compiled by Visual C++ build 1939, 64-bit
2025-03-01 18:29:22.023 IST [9160] LOG:  listening on IPv6 address "::1", port 5432
2025-03-01 18:29:22.024 IST [9160] LOG:  listening on IPv4 address "127.0.0.1", port 5432
2025-03-01 18:29:22.091 IST [21456] LOG:  database system was shut down at 2025-03-01 18:29:19 IST
2025-03-01 18:29:22.118 IST [9160] LOG:  database system is ready to accept connections
2025-03-01 18:34:22.082 IST [7232] LOG:  checkpoint starting: time
2025-03-01 18:34:22.097 IST [7232] LOG:  checkpoint complete: wrote 3 buffers (0.0%); 0 WAL file(s) added, 0 removed, 0 recycled; write=0.004 s, sync=0.003 s, total=0.017 s; sync files=2, longest=0.002 s, average=0.002 s; distance=0 kB, estimate=0 kB; lsn=0/15A5F60, redo lsn=0/15A5F28
2025-03-01 18:46:46.264 IST [5772] FATAL:  database "boses" does not exist
2025-03-01 18:52:10.499 IST [6572] FATAL:  database "boses" does not exist
2025-03-01 18:55:14.665 IST [9160] LOG:  received fast shutdown request
2025-03-01 18:55:14.665 IST [25276] ERROR:  canceling statement due to user request
2025-03-01 18:55:14.667 IST [9160] LOG:  aborting any active transactions
2025-03-01 18:55:14.673 IST [9160] LOG:  background worker "logical replication launcher" (PID 25276) exited with exit code 1
2025-03-01 18:55:14.678 IST [7232] LOG:  shutting down
2025-03-01 18:55:14.680 IST [7232] LOG:  checkpoint starting: shutdown immediate
2025-03-01 18:55:14.692 IST [7232] LOG:  checkpoint complete: wrote 0 buffers (0.0%); 0 WAL file(s) added, 0 removed, 0 recycled; write=0.001 s, sync=0.001 s, total=0.015 s; sync files=0, longest=0.000 s, average=0.000 s; distance=0 kB, estimate=0 kB; lsn=0/15A6028, redo lsn=0/15A6028
2025-03-01 18:55:14.706 IST [9160] LOG:  database system is shut down
2025-03-01 18:57:05.801 IST [15576] LOG:  starting PostgreSQL 16.3, compiled by Visual C++ build 1939, 64-bit
2025-03-01 18:57:05.808 IST [15576] LOG:  listening on IPv6 address "::1", port 5432
2025-03-01 18:57:05.808 IST [15576] LOG:  listening on IPv4 address "127.0.0.1", port 5432
2025-03-01 18:57:05.878 IST [18068] LOG:  database system was shut down at 2025-03-01 18:55:14 IST
2025-03-01 18:57:05.905 IST [15576] LOG:  database system is ready to accept connections
2025-03-01 19:00:44.129 IST [22580] ERROR:  syntax error at or near "TO" at character 22
2025-03-01 19:00:44.129 IST [22580] STATEMENT:  GRANT ALL PRIVILEGES TO sbose;
2025-03-01 19:02:05.883 IST [22096] LOG:  checkpoint starting: time
2025-03-01 19:02:05.898 IST [22096] LOG:  checkpoint complete: wrote 3 buffers (0.0%); 0 WAL file(s) added, 0 removed, 0 recycled; write=0.004 s, sync=0.003 s, total=0.016 s; sync files=2, longest=0.002 s, average=0.002 s; distance=0 kB, estimate=0 kB; lsn=0/15A6110, redo lsn=0/15A60D8
2025-03-01 19:19:37.517 IST [22580] ERROR:  syntax error at or near "SHOW" at character 29
2025-03-01 19:19:37.517 IST [22580] STATEMENT:  CREATE DATABASE public_spas
	SHOW DATABASES;
2025-03-01 19:20:22.101 IST [22580] ERROR:  syntax error at or near "SHOW" at character 16
2025-03-01 19:20:22.101 IST [22580] STATEMENT:  SHOW DATABASES
	SHOW DATABASE
	SELECT datname FROM pd_database;
2025-03-01 19:20:31.900 IST [22580] ERROR:  syntax error at or near "clear" at character 1
2025-03-01 19:20:31.900 IST [22580] STATEMENT:  clear;
2025-03-01 19:21:11.007 IST [19204] FATAL:  role "postgres" does not exist
2025-03-01 19:21:47.818 IST [15576] LOG:  received fast shutdown request
2025-03-01 19:21:47.818 IST [25328] ERROR:  canceling statement due to user request
2025-03-01 19:21:47.820 IST [15576] LOG:  aborting any active transactions
2025-03-01 19:21:47.826 IST [15576] LOG:  background worker "logical replication launcher" (PID 25328) exited with exit code 1
2025-03-01 19:21:47.830 IST [22096] LOG:  shutting down
2025-03-01 19:21:47.832 IST [22096] LOG:  checkpoint starting: shutdown immediate
2025-03-01 19:21:47.841 IST [22096] LOG:  checkpoint complete: wrote 0 buffers (0.0%); 0 WAL file(s) added, 0 removed, 0 recycled; write=0.001 s, sync=0.001 s, total=0.011 s; sync files=0, longest=0.000 s, average=0.000 s; distance=0 kB, estimate=0 kB; lsn=0/15A61C0, redo lsn=0/15A61C0
2025-03-01 19:21:47.854 IST [15576] LOG:  database system is shut down
2025-03-01 19:22:02.813 IST [25568] LOG:  starting PostgreSQL 16.3, compiled by Visual C++ build 1939, 64-bit
2025-03-01 19:22:02.819 IST [25568] LOG:  listening on IPv6 address "::1", port 5432
2025-03-01 19:22:02.819 IST [25568] LOG:  listening on IPv4 address "127.0.0.1", port 5432
2025-03-01 19:22:02.889 IST [22020] LOG:  database system was shut down at 2025-03-01 19:21:47 IST
2025-03-01 19:22:02.915 IST [25568] LOG:  database system is ready to accept connections
2025-03-01 19:22:32.361 IST [18764] FATAL:  role "postgres" does not exist
2025-03-01 19:23:01.142 IST [11076] FATAL:  database "public_spas" does not exist
2025-03-01 19:23:21.554 IST [13064] FATAL:  role "sbose" does not exist
2025-03-01 19:23:52.642 IST [22504] FATAL:  database "sbose" does not exist
2025-03-01 19:27:02.888 IST [14880] LOG:  checkpoint starting: time
2025-03-01 19:28:50.553 IST [14880] LOG:  checkpoint complete: wrote 976 buffers (6.0%); 0 WAL file(s) added, 0 removed, 0 recycled; write=107.499 s, sync=0.158 s, total=107.666 s; sync files=305, longest=0.001 s, average=0.001 s; distance=4594 kB, estimate=4594 kB; lsn=0/1A22BF0, redo lsn=0/1A22BB8
2025-03-01 19:37:02.584 IST [14880] LOG:  checkpoint starting: time
2025-03-01 19:37:03.366 IST [14880] LOG:  checkpoint complete: wrote 8 buffers (0.0%); 0 WAL file(s) added, 0 removed, 0 recycled; write=0.767 s, sync=0.007 s, total=0.782 s; sync files=6, longest=0.003 s, average=0.002 s; distance=1 kB, estimate=4135 kB; lsn=0/1A233B0, redo lsn=0/1A23378
2025-03-01 19:39:30.701 IST [26528] FATAL:  database "sbose" does not exist
2025-03-01 19:40:34.657 IST [7188] ERROR:  unrecognized configuration parameter "tables"
2025-03-01 19:40:34.657 IST [7188] STATEMENT:  show tables;
2025-03-01 19:42:02.375 IST [14880] LOG:  checkpoint starting: time
2025-03-01 19:42:02.826 IST [14880] LOG:  checkpoint complete: wrote 4 buffers (0.0%); 0 WAL file(s) added, 0 removed, 0 recycled; write=0.439 s, sync=0.005 s, total=0.452 s; sync files=2, longest=0.004 s, average=0.003 s; distance=8 kB, estimate=3722 kB; lsn=0/1A25490, redo lsn=0/1A25458
2025-03-02 19:44:27.846 IST [14620] LOG:  starting PostgreSQL 16.3, compiled by Visual C++ build 1939, 64-bit
2025-03-02 19:44:27.852 IST [14620] LOG:  listening on IPv6 address "::1", port 5432
2025-03-02 19:44:27.852 IST [14620] LOG:  listening on IPv4 address "127.0.0.1", port 5432
2025-03-02 19:44:28.215 IST [33832] LOG:  database system was interrupted; last known up at 2025-03-01 19:42:02 IST
2025-03-02 19:44:28.488 IST [33832] LOG:  database system was not properly shut down; automatic recovery in progress
2025-03-02 19:44:28.493 IST [33832] LOG:  redo starts at 0/1A25458
2025-03-02 19:44:28.493 IST [33832] LOG:  invalid record length at 0/1A25540: expected at least 24, got 0
2025-03-02 19:44:28.493 IST [33832] LOG:  redo done at 0/1A25508 system usage: CPU: user: 0.00 s, system: 0.00 s, elapsed: 0.00 s
2025-03-02 19:44:28.499 IST [29164] LOG:  checkpoint starting: end-of-recovery immediate wait
2025-03-02 19:44:28.511 IST [29164] LOG:  checkpoint complete: wrote 3 buffers (0.0%); 0 WAL file(s) added, 0 removed, 0 recycled; write=0.003 s, sync=0.003 s, total=0.015 s; sync files=2, longest=0.002 s, average=0.002 s; distance=0 kB, estimate=0 kB; lsn=0/1A25540, redo lsn=0/1A25540
2025-03-02 19:44:28.532 IST [14620] LOG:  database system is ready to accept connections
2025-03-02 19:49:28.514 IST [29164] LOG:  checkpoint starting: time
2025-03-02 19:49:29.191 IST [29164] LOG:  checkpoint complete: wrote 6 buffers (0.0%); 0 WAL file(s) added, 0 removed, 0 recycled; write=0.663 s, sync=0.007 s, total=0.677 s; sync files=1, longest=0.007 s, average=0.007 s; distance=15 kB, estimate=15 kB; lsn=0/1A294C8, redo lsn=0/1A29490
2025-03-02 20:46:27.416 IST [31348] ERROR:  permission denied for schema public
2025-03-02 20:46:27.416 IST [31348] STATEMENT:  CREATE TYPE "public"."update" AS ENUM('unsubscribe', 'subscribe');
2025-03-02 20:46:27.434 IST [31348] LOG:  could not receive data from client: An existing connection was forcibly closed by the remote host.
	
2025-03-02 20:49:28.297 IST [29164] LOG:  checkpoint starting: time
2025-03-02 20:49:34.725 IST [29164] LOG:  checkpoint complete: wrote 59 buffers (0.4%); 0 WAL file(s) added, 0 removed, 0 recycled; write=6.388 s, sync=0.033 s, total=6.429 s; sync files=48, longest=0.002 s, average=0.001 s; distance=172 kB, estimate=172 kB; lsn=0/1A54598, redo lsn=0/1A54560
2025-03-02 20:50:32.609 IST [14696] ERROR:  permission denied for schema public
2025-03-02 20:50:32.609 IST [14696] STATEMENT:  CREATE TYPE "public"."update" AS ENUM('unsubscribe', 'subscribe');
2025-03-02 20:50:32.627 IST [14696] LOG:  could not receive data from client: An existing connection was forcibly closed by the remote host.
	
2025-03-02 20:56:07.150 IST [35644] ERROR:  permission denied for schema public at character 14
2025-03-02 20:56:07.150 IST [35644] STATEMENT:  CREATE TABLE my_table (
	    id SERIAL PRIMARY KEY,
	    name VARCHAR(255) NOT NULL,
	    age INTEGER,
	    created_at TIMESTAMP DEFAULT CURRENT_TIMESTAMP
	);
2025-03-02 20:56:24.522 IST [30408] ERROR:  must be owner of schema public
2025-03-02 20:56:24.522 IST [30408] STATEMENT:  DROP SCHEMA IF EXISTS public ;
2025-03-02 20:57:29.526 IST [14620] LOG:  received fast shutdown request
2025-03-02 20:57:29.526 IST [14824] ERROR:  canceling statement due to user request
2025-03-02 20:57:29.528 IST [14620] LOG:  aborting any active transactions
2025-03-02 20:57:29.529 IST [30408] FATAL:  terminating connection due to administrator command
2025-03-02 20:57:29.529 IST [4708] FATAL:  terminating connection due to administrator command
2025-03-02 20:57:29.535 IST [14620] LOG:  background worker "logical replication launcher" (PID 14824) exited with exit code 1
2025-03-02 20:57:29.541 IST [29164] LOG:  shutting down
2025-03-02 20:57:29.542 IST [29164] LOG:  checkpoint starting: shutdown immediate
2025-03-02 20:57:29.552 IST [29164] LOG:  checkpoint complete: wrote 1 buffers (0.0%); 0 WAL file(s) added, 0 removed, 0 recycled; write=0.001 s, sync=0.002 s, total=0.012 s; sync files=1, longest=0.002 s, average=0.002 s; distance=0 kB, estimate=155 kB; lsn=0/1A54648, redo lsn=0/1A54648
2025-03-02 20:57:29.565 IST [14620] LOG:  database system is shut down
2025-03-02 20:58:03.077 IST [25640] LOG:  starting PostgreSQL 16.3, compiled by Visual C++ build 1939, 64-bit
2025-03-02 20:58:03.082 IST [25640] LOG:  listening on IPv6 address "::1", port 5432
2025-03-02 20:58:03.083 IST [25640] LOG:  listening on IPv4 address "127.0.0.1", port 5432
2025-03-02 20:58:03.139 IST [20988] LOG:  database system was shut down at 2025-03-02 20:57:29 IST
2025-03-02 20:58:03.161 IST [25640] LOG:  database system is ready to accept connections
2025-03-02 20:58:11.493 IST [27980] FATAL:  role "postgres" does not exist
2025-03-02 21:01:21.065 IST [25640] LOG:  received fast shutdown request
2025-03-02 21:01:21.066 IST [33112] ERROR:  canceling statement due to user request
2025-03-02 21:01:21.067 IST [25640] LOG:  aborting any active transactions
2025-03-02 21:01:21.067 IST [28928] FATAL:  terminating connection due to administrator command
2025-03-02 21:01:21.072 IST [25640] LOG:  background worker "logical replication launcher" (PID 33112) exited with exit code 1
2025-03-02 21:01:21.077 IST [30104] LOG:  shutting down
2025-03-02 21:01:21.079 IST [30104] LOG:  checkpoint starting: shutdown immediate
2025-03-02 21:01:21.140 IST [30104] LOG:  checkpoint complete: wrote 43 buffers (0.3%); 0 WAL file(s) added, 0 removed, 0 recycled; write=0.009 s, sync=0.045 s, total=0.063 s; sync files=37, longest=0.003 s, average=0.002 s; distance=153 kB, estimate=153 kB; lsn=0/1A7ABF8, redo lsn=0/1A7ABF8
2025-03-02 21:01:21.167 IST [25640] LOG:  database system is shut down
